

Working Directory = /home/gabriel.kaizer/Downloads/testa_padrao_scan/synthesis
QoS Summary for multiplier_param_N16
================================================================================
Metric                          logical        
================================================================================
Slack (ps):                         0
  R2R (ps):                         0
  I2R (ps):                     1,617
  R2O (ps):                  no_value
  I2O (ps):                  no_value
  CG  (ps):                  no_value
TNS (ps):                           0
  R2R (ps):                         0
  I2R (ps):                         0
  R2O (ps):                  no_value
  I2O (ps):                  no_value
  CG  (ps):                  no_value
Failing Paths:                      0
Cell Area:                      1,965
Total Cell Area:                1,965
Leaf Instances:                   328
Total Instances:                  328
Utilization (%):                 0.00
Tot. Net Length (um):        no_value
Avg. Net Length (um):        no_value
Route Overflow H (%):        no_value
Route Overflow V (%):        no_value
MBCI(%) (bits/gate) :            0.00
Norm Cong Hotspot Area:
  Max Cong:                  no_value
  Tot Cong:                  no_value
================================================================================
CPU  Runtime (h:m:s):        00:00:14
Real Runtime (h:m:s):        00:00:12
CPU  Elapsed (h:m:s):        00:00:16
Real Elapsed (h:m:s):        00:00:13
Memory (MB):                  1740.95
================================================================================
================================================================================
Flow Settings:
================================================================================
Total Runtime (h:m:s): 00:00:12
Total Memory (MB):     1748.96
Executable Version:    21.12-s068_1
================================================================================
Total Cell Area =  Cell Area + Physical Cell Area
Total Instances =  Leaf Instances + Physical Instances


