============================================================
  Generated by:           Genus(TM) Synthesis Solution 21.12-s068_1
  Generated on:           Jun 16 2026  08:16:05 pm
  Module:                 multiplier_param_N128
  Operating conditions:   _nominal_ 
  Interconnect mode:      global
  Area mode:              physical library
============================================================

Timing
--------

Clock Period 
-------------
clk   2000.0 


  Cost    Critical         Violating 
 Group   Path Slack  TNS     Paths   
-------------------------------------
clk             0.0   0.0          0 
default    No paths   0.0            
-------------------------------------
Total                 0.0          0 

Instance Count
--------------
Leaf Instance Count             3343 
Physical Instance count            0 
Sequential Instance Count        650 
Combinational Instance Count    2693 
Hierarchical Instance Count        0 

Area
----
Cell Area                          16396.640
Physical Cell Area                 0.000
Total Cell Area (Cell+Physical)    16396.640
Net Area                           7974.108
Total Area (Cell+Physical+Net)     24370.748

Runtime                            0.0 seconds
Elapsed Runtime                    49 seconds
Genus peak memory usage            1826.29 
Innovus peak memory usage          no_value 
Hostname                           gaphs22.portoalegre.pucrsnet.br
