============================================================
  Generated by:           Genus(TM) Synthesis Solution 21.12-s068_1
  Generated on:           Jun 11 2026  09:06:40 pm
  Module:                 multiplier_param_N16
  Operating conditions:   _nominal_ 
  Interconnect mode:      global
  Area mode:              physical library
============================================================

                                          Leakage  
       Gate         Instances    Area   Power (nW)     Library     
-------------------------------------------------------------------
HS65_GSS1_FA1X9             1    11.440    254.307    CORE65GPSVT  
HS65_GSS_SDFPRQX27         19   276.640   4552.296    CORE65GPSVT  
HS65_GSS_SDFPRQX35         13   196.040   3581.930    CORE65GPSVT  
HS65_GSS_XNOR2X6            8    33.280    609.765    CORE65GPSVT  
HS65_GSS_XOR2X6             7    29.120    416.276    CORE65GPSVT  
HS65_GSS_XOR3X2             1     7.800     66.018    CORE65GPSVT  
HS65_GS_AND2X4             44   114.400   1149.316    CORE65GPSVT  
HS65_GS_AO112X9             1     4.160     53.766    CORE65GPSVT  
HS65_GS_AO12X9              1     3.640     53.991    CORE65GPSVT  
HS65_GS_AO312X9             1     5.720     55.733    CORE65GPSVT  
HS65_GS_AOI12X2             4    10.400     62.954    CORE65GPSVT  
HS65_GS_AOI21X2             1     2.600     15.230    CORE65GPSVT  
HS65_GS_BFX9                3     6.240    114.347    CORE65GPSVT  
HS65_GS_CB4I6X9             2     8.320     79.426    CORE65GPSVT  
HS65_GS_CBI4I1X5            1     3.640     59.969    CORE65GPSVT  
HS65_GS_CNIVX7              1     1.560     17.284    CLOCK65GPSVT 
HS65_GS_FA1X4              11   102.960    770.670    CORE65GPSVT  
HS65_GS_FA1X9               4    43.680    479.883    CORE65GPSVT  
HS65_GS_HA1X4               1     5.200     55.553    CORE65GPSVT  
HS65_GS_IVX7                1     1.560     18.833    CORE65GPSVT  
HS65_GS_IVX9                6     9.360    168.154    CORE65GPSVT  
HS65_GS_MUX21I1X6          12    49.920    892.035    CORE65GPSVT  
HS65_GS_MUX21X4            19    79.040    963.790    CORE65GPSVT  
HS65_GS_NAND2AX7            3     9.360    140.955    CORE65GPSVT  
HS65_GS_NAND2X7            15    31.200    242.358    CORE65GPSVT  
HS65_GS_NAND3AX6            1     3.640     22.390    CORE65GPSVT  
HS65_GS_NOR2AX19            1     5.720     65.905    CORE65GPSVT  
HS65_GS_NOR2AX3            15    39.000    428.795    CORE65GPSVT  
HS65_GS_NOR2X6             58   120.640   1793.164    CORE65GPSVT  
HS65_GS_NOR3AX9             1     5.720     87.958    CORE65GPSVT  
HS65_GS_NOR3X4              1     2.600     10.998    CORE65GPSVT  
HS65_GS_OA12X9              1     3.640     56.086    CORE65GPSVT  
HS65_GS_OA311X9             2     9.360    145.802    CORE65GPSVT  
HS65_GS_OAI12X3             6    15.600    175.373    CORE65GPSVT  
HS65_GS_OR2X9               6    18.720    303.267    CORE65GPSVT  
HS65_GS_OR3X9               1     3.640     29.169    CORE65GPSVT  
HS65_GS_SDFPRQNX9          29   361.920   4173.198    CORE65GPSVT  
HS65_GS_SDFPRQTX4           4    52.000    550.888    CORE65GPSVT  
HS65_GS_SDFPRQX4            1    12.480    130.579    CORE65GPSVT  
HS65_GS_SDFPRQX9           19   237.120   2671.705    CORE65GPSVT  
HS65_GS_SDFPSQTX9           2    26.000    295.517    CORE65GPSVT  
-------------------------------------------------------------------
total                     328  1965.080  25815.637                 


                                              Leakage  Leakage 
   Library   Instances Instances %   Area   Power (nW) Power % 
---------------------------------------------------------------
CLOCK65GPSVT         1         0.3    1.560     17.284     0.1 
CORE65GPSVT        327        99.7 1963.520  25798.353    99.9 

                                           Leakage  Leakage 
     Type      Instances   Area   Area % Power (nW) Power % 
------------------------------------------------------------
sequential            87 1162.200   59.1  15956.114    61.8 
inverter               8   12.480    0.6    204.272     0.8 
buffer                 3    6.240    0.3    114.347     0.4 
logic                230  784.160   39.9   9540.905    37.0 
physical_cells         0    0.000    0.0      0.000     0.0 
------------------------------------------------------------
total                328 1965.080  100.0  25815.637   100.0 

